<?xml version="1.0" encoding="UTF-8" ?>
<testsuite tests="10" failures="0" name="Controller.DataHelperTest" time="37.624" errors="0" skipped="0">
  <properties>
[...]
</properties>
  <testcase classname="Controller.DataHelperTest" name="getAge" time="0.031"/>
  <testcase classname="Controller.DataHelperTest" name="getNum" time="0"/>
  <testcase classname="Controller.DataHelperTest" name="getPwd" time="0.01"/>
  <testcase classname="Controller.DataHelperTest" name="getTel" time="0.007"/>
  <testcase classname="Controller.DataHelperTest" name="getChineseName" time="0.008"/>
  <testcase classname="Controller.DataHelperTest" name="randomInsert" time="37.539"/>
  <testcase classname="Controller.DataHelperTest" name="getID" time="0.001"/>
  <testcase classname="Controller.DataHelperTest" name="getAdress" time="0.009"/>
  <testcase classname="Controller.DataHelperTest" name="getJobNum" time="0.018"/>
  <testcase classname="Controller.DataHelperTest" name="getEmail" time="0.001"/>
</testsuite>