<?xml version="1.0" encoding="UTF-8" ?>
<testsuite tests="10" failures="0" name="DataHelperTest" time="31.94" errors="1" skipped="0">
  <properties>
[...]
</properties>
  <testcase classname="DataHelperTest" name="getAge" time="0.003"/>
  <testcase classname="DataHelperTest" name="getNum" time="0"/>
  <testcase classname="DataHelperTest" name="getPwd" time="0.002"/>
  <testcase classname="DataHelperTest" name="getTel" time="0.003"/>
  <testcase classname="DataHelperTest" name="getChineseName" time="0.008"/>
  <testcase classname="DataHelperTest" name="randomInsert" time="31.915">
    <error message="PreparedStatementCallback; SQL [INSERT into userinfo(jobNum,name,phoneNumber,email,address,IDNum,entryTime,workstatus,sex,birthday,ptlStatus,nation,photos,department,job,gradSchool,eduDegree,specialty,marital,contractStart,contractEnd,password,role,depart_id) VALUES(?,?,?,?,?,?,?,?,?,?,?,?,?,?,?,?,?,?,?,?,?,?,?,?)]; Duplicate entry &apos;20180107999&apos; for key &apos;PRIMARY&apos;; nested exception is java.sql.BatchUpdateException: Duplicate entry &apos;20180107999&apos; for key &apos;PRIMARY&apos;" type="org.springframework.dao.DuplicateKeyException">org.springframework.dao.DuplicateKeyException: PreparedStatementCallback; SQL [INSERT into userinfo(jobNum,name,phoneNumber,email,address,IDNum,entryTime,workstatus,sex,birthday,ptlStatus,nation,photos,department,job,gradSchool,eduDegree,specialty,marital,contractStart,contractEnd,password,role,depart_id) VALUES(?,?,?,?,?,?,?,?,?,?,?,?,?,?,?,?,?,?,?,?,?,?,?,?)]; Duplicate entry &apos;20180107999&apos; for key &apos;PRIMARY&apos;; nested exception is java.sql.BatchUpdateException: Duplicate entry &apos;20180107999&apos; for key &apos;PRIMARY&apos;
	at org.springframework.jdbc.support.SQLErrorCodeSQLExceptionTranslator.doTranslate(SQLErrorCodeSQLExceptionTranslator.java:245)
	at org.springframework.jdbc.support.AbstractFallbackSQLExceptionTranslator.translate(AbstractFallbackSQLExceptionTranslator.java:72)
	at org.springframework.jdbc.core.JdbcTemplate.execute(JdbcTemplate.java:605)
	at org.springframework.jdbc.core.JdbcTemplate.execute(JdbcTemplate.java:617)
	at org.springframework.jdbc.core.JdbcTemplate.batchUpdate(JdbcTemplate.java:890)
	at dao.Impl.UserDaoImpl.addUsers(UserDaoImpl.java:25)
	at DataHelperTest.randomInsert(DataHelperTest.java:128)
	at sun.reflect.NativeMethodAccessorImpl.invoke0(Native Method)
	at sun.reflect.NativeMethodAccessorImpl.invoke(NativeMethodAccessorImpl.java:62)
	at sun.reflect.DelegatingMethodAccessorImpl.invoke(DelegatingMethodAccessorImpl.java:43)
	at java.lang.reflect.Method.invoke(Method.java:498)
	at org.junit.runners.model.FrameworkMethod$1.runReflectiveCall(FrameworkMethod.java:50)
	at org.junit.internal.runners.model.ReflectiveCallable.run(ReflectiveCallable.java:12)
	at org.junit.runners.model.FrameworkMethod.invokeExplosively(FrameworkMethod.java:47)
	at org.junit.internal.runners.statements.InvokeMethod.evaluate(InvokeMethod.java:17)
	at org.junit.runners.ParentRunner.runLeaf(ParentRunner.java:325)
	at org.junit.runners.BlockJUnit4ClassRunner.runChild(BlockJUnit4ClassRunner.java:78)
	at org.junit.runners.BlockJUnit4ClassRunner.runChild(BlockJUnit4ClassRunner.java:57)
	at org.junit.runners.ParentRunner$3.run(ParentRunner.java:290)
	at org.junit.runners.ParentRunner$1.schedule(ParentRunner.java:71)
	at org.junit.runners.ParentRunner.runChildren(ParentRunner.java:288)
	at org.junit.runners.ParentRunner.access$000(ParentRunner.java:58)
	at org.junit.runners.ParentRunner$2.evaluate(ParentRunner.java:268)
	at org.junit.runners.ParentRunner.run(ParentRunner.java:363)
	at org.apache.maven.surefire.junit4.JUnit4Provider.execute(JUnit4Provider.java:252)
	at org.apache.maven.surefire.junit4.JUnit4Provider.executeTestSet(JUnit4Provider.java:141)
	at org.apache.maven.surefire.junit4.JUnit4Provider.invoke(JUnit4Provider.java:112)
	at sun.reflect.NativeMethodAccessorImpl.invoke0(Native Method)
	at sun.reflect.NativeMethodAccessorImpl.invoke(NativeMethodAccessorImpl.java:62)
	at sun.reflect.DelegatingMethodAccessorImpl.invoke(DelegatingMethodAccessorImpl.java:43)
	at java.lang.reflect.Method.invoke(Method.java:498)
	at org.apache.maven.surefire.util.ReflectionUtils.invokeMethodWithArray(ReflectionUtils.java:189)
	at org.apache.maven.surefire.booter.ProviderFactory$ProviderProxy.invoke(ProviderFactory.java:165)
	at org.apache.maven.surefire.booter.ProviderFactory.invokeProvider(ProviderFactory.java:85)
	at org.apache.maven.surefire.booter.ForkedBooter.runSuitesInProcess(ForkedBooter.java:115)
	at org.apache.maven.surefire.booter.ForkedBooter.main(ForkedBooter.java:75)
Caused by: java.sql.BatchUpdateException: Duplicate entry &apos;20180107999&apos; for key &apos;PRIMARY&apos;
	at com.mysql.jdbc.PreparedStatement.executeBatchSerially(PreparedStatement.java:2028)
	at com.mysql.jdbc.PreparedStatement.executeBatch(PreparedStatement.java:1451)
	at com.mchange.v2.c3p0.impl.NewProxyPreparedStatement.executeBatch(NewProxyPreparedStatement.java:1723)
	at org.springframework.jdbc.core.JdbcTemplate$4.doInPreparedStatement(JdbcTemplate.java:905)
	at org.springframework.jdbc.core.JdbcTemplate$4.doInPreparedStatement(JdbcTemplate.java:890)
	at org.springframework.jdbc.core.JdbcTemplate.execute(JdbcTemplate.java:589)
	... 33 more
Caused by: com.mysql.jdbc.exceptions.jdbc4.MySQLIntegrityConstraintViolationException: Duplicate entry &apos;20180107999&apos; for key &apos;PRIMARY&apos;
	at sun.reflect.GeneratedConstructorAccessor2.newInstance(Unknown Source)
	at sun.reflect.DelegatingConstructorAccessorImpl.newInstance(DelegatingConstructorAccessorImpl.java:45)
	at java.lang.reflect.Constructor.newInstance(Constructor.java:423)
	at com.mysql.jdbc.Util.handleNewInstance(Util.java:411)
	at com.mysql.jdbc.Util.getInstance(Util.java:386)
	at com.mysql.jdbc.SQLError.createSQLException(SQLError.java:1039)
	at com.mysql.jdbc.MysqlIO.checkErrorPacket(MysqlIO.java:3609)
	at com.mysql.jdbc.MysqlIO.checkErrorPacket(MysqlIO.java:3541)
	at com.mysql.jdbc.MysqlIO.sendCommand(MysqlIO.java:2002)
	at com.mysql.jdbc.MysqlIO.sqlQueryDirect(MysqlIO.java:2163)
	at com.mysql.jdbc.ConnectionImpl.execSQL(ConnectionImpl.java:2624)
	at com.mysql.jdbc.PreparedStatement.executeInternal(PreparedStatement.java:2127)
	at com.mysql.jdbc.PreparedStatement.executeUpdate(PreparedStatement.java:2427)
	at com.mysql.jdbc.PreparedStatement.executeBatchSerially(PreparedStatement.java:1980)
	... 38 more
</error>
    <system-out>����
648ka558nf@msn.com
15103603565
������
gkyh4w0t5r@aol.com
13007921671
�º�
ye541dwbtt@163.com
15701668482
������
l9kvrc863p@ask.com
15108303281
��ï��
3mxmggqik@live.com
13300530723
֣˼��
wot0rc28l@mail.com
15001241394
Ǯ����
v2x25rv9q@live.com
15806686199
Ǯ��˳
evlfww9wk0@ask.com
15307551730
��˼
23rm36mwd@0355.net
15102784858
��÷
shp7o6yy@gmail.com
13807344015
���
bwof3gylag@163.com
13708549043
��ʱ
3dbz9dfrpdp@qq.com
13007816614
������
via8qbpdjo@163.net
15004883343
����
0tm8x2mwh@mail.com
15806114787
�����
ndn3sfcbixm@qq.com
15805152434
����
gblgs7bzxd@163.net
15703076541
�����
1b1@googlemail.com
13803011497
����
sgwgljrxk3@ask.com
15507084316
���
7n9qgeymg6@163.com
13706524261
��˼
tlincmgsat@163.net
15204332249
�ż�ع
fhmn3lp12@0355.net
15204024451
Ǯ��Ƽ
ktcqafcd@gmail.com
18302657789
��ɽ
ite@googlemail.com
13307845050
��Ӣ��
huvj1y1d@gmail.com
15301140200
Ǯ���
b57run75ab@163.net
13606705002
�����
cjdd59nq3s@msn.com
15506557995
��ȫ
vzn7onjym@0355.net
13500793012
����
gs95yl1qp3a@qq.com
13105045382
����
vwsti4pouq@163.com
13000648410
��ޱ
e69hr0@hotmail.com
15002153638
���
8dggrg@hotmail.com
15308334583
������
vcdmm71d@gmail.com
13103433523
�����
ku02kl7e@yahoo.com
15906400123
���
nyoi0qrk04@163.com
18305885016
Ǯ�ֲ�
ob3c853ud@mail.com
13901805656
������
mxh4btnk4@mail.com
15107607609
��ά
c7ilkhpdh@live.com
15105218492
����
rpqneo33g1k@qq.com
13901795380
Ǯ��
5sjg6g@hotmail.com
13607604930
����
79kkl3ap@yahoo.com
13704736415
�»�
94kq8h2oke@163.net
15304370554
����
l5ilil@hotmail.com
15301903800
����
qa7tz2pwry@163.com
15202744722
������
kvxn2ivwwk@163.net
13305694424
Ǯ�
mie3t2dtv7@msn.com
13102803656
����
8xg1lq8az@mail.com
15208280353
����
cs42rvllp@live.com
15901005282
����
ajiue94axg@aol.com
13007747579
֣��
7cov0jg561@aol.com
13606506396
����
re4weqao@yahoo.com
15104911161
Ǯ��
2mpx08853i@163.com
15003059028
�ź�
digcl96o@gmail.com
15803973750
��衺�
k4smbh728@0355.net
13306291484
Ǯ��
ixoi5pz385@ask.com
13202025304
����
u6u@googlemail.com
13805307412
����
qwrqda6zon@msn.com
15600312143
����
w44untx93@mail.com
13601056646
�Ծ���
xvv5tcddsj@ask.com
15501308672
����Ҷ
9wzfz8au3br@qq.com
15700573767
��ǫ��
vugvht42y@mail.com
13200988330
����
ikzxxx19u3j@qq.com
13302672860
���׽�
f80zydaxm@0355.net
15804516846
���
3znvcbie@gmail.com
18302428078
������
zf0zsv9p6d@163.com
13801602204
Ǯԣ
ljt7kwuw0o@ask.com
18404541809
������
cnahy915xoc@qq.com
15700415746
�ܱ��
56262xjous@aol.com
15501011750
������
ya7zck20h@mail.com
15108222905
֣��
u816fav5@yahoo.com
15506874782
֣ï��
8n8e8pnqu@0355.net
15601013486
�Ա���
zrtgsgplz8@aol.com
13808287841
�ܷ���
qkmofb@hotmail.com
13908788346
���
ako0dmh49v@163.com
15301486706
��ٻ
sfgqqgjl@gmail.com
13507102182
�½�
hne16ezzpn5@qq.com
15500303002
�ź뱣
nh44vrw500z@qq.com
15807650869
��ޱ
0vg4m3u4jt5@qq.com
15106162094
�ܻ۶�
bg5gxpp7fr@msn.com
18401033329
����
y6ecmwdi@gmail.com
15705626154
����
h7k3a6xeqa@msn.com
15905443884
����ϣ
mys@googlemail.com
18401127783
����
xxmntlvjp@mail.com
13803793198
��ѧ
mjbxss3k@gmail.com
13302638586
֣����
jc8gl6c3@gmail.com
13502717901
��˼��
matude9j5ek@qq.com
13306906096
�Ի�
0ritxb01@gmail.com
15702946041
������
pzo3d9gh3q@aol.com
18407832642
���
jqdjlamd@gmail.com
13507403491
����
q17ckn@hotmail.com
15604736808
�����
oe35grz17@live.com
13300093343
���
r50nifbot88@qq.com
15807894753
�
l38jpgtk@yahoo.com
15008565701
��֦
0bn999hhp@0355.net
15700097048
Ǯ��
8nbl8m22s@0355.net
13807655667
��ع
vz6ily01b@live.com
13005644711
�����
my5jqx1ox2e@qq.com
13204940177
Ǯ��
487k78udces@qq.com
15500832580
����
vy3n6ycwxq@163.com
15308684660
���
a59ong1x77@163.com
13207960303
����
ds5ksjs9lbw@qq.com
13306643276
��ѩ
8w3@googlemail.com
13208528226
Ǯ����
h4w0edomw6@aol.com
13500875488
Ǯ����
gymw55h56e@163.com
13103583956
����
8j7q5qf7ow@msn.com
15704427627
����
vtry3z7pln@msn.com
18303650100
����
smozpumj@yahoo.com
13604301963
����
me01lsrjg@live.com
15005332886
����
bq69x72kfl@163.net
13104191908
����ܰ
cy6ol89e2l@aol.com
18305514301
��֦
lwm65vpwty@aol.com
13505607871
Ǯ��
2fbks126npr@qq.com
13908117547
�¼�
vxjjgb7ajs@163.net
13808418377
��ï
jn75ez8vjp@msn.com
15308380751
��ʢ
g2hokkuaiw@163.com
15104121198
������
9laxqg6n4l@163.net
13801312009
�⽭��
4gf3cloalx@aol.com
18406411433
�����
ac1jj5zlq6@163.net
15507314649
����ü
ekljtyvz4z@aol.com
13705064218
֣�Ѵ�
btg@googlemail.com
13803421718
���г�
2lu7nz4hl@live.com
18305137021
����
prh8hdbx5@0355.net
15502483364
�ܾ���
cghyppvf7r@aol.com
13104722347
����
qglb9i@hotmail.com
18403530971
���
m59pxg1qg@live.com
13003806241
����
2j8bjcur@yahoo.com
15507525627
��ӱ
err@googlemail.com
18402288837
Ǯ����
1zchbboxevq@qq.com
15500480408
�ܷ�
eag1zgky43y@qq.com
15303920762
����ӱ
bz856dapi@0355.net
15103151182
�����
4dyiphrdax4@qq.com
15604101988
�Ժ�
8wkwmy61w6r@qq.com
15706598802
����
hm0436kxpn@ask.com
13906108056
����
s59mmincg@0355.net
13303583976
��ܿ�
mxfgx8wb@yahoo.com
13208782013
���뱣
mkm9087onp@ask.com
15907270634
������
agg91lejq@0355.net
15900304752
Ǯ����
z2v7e58x@gmail.com
15301115207
��濺�
khotyvi7@gmail.com
15602801266
����
mz97so@hotmail.com
13201195661
��ϼ
29g@googlemail.com
15300301919
����
w0ibiyrbg@mail.com
13803223402
�Թ���
nr7ugd3lb@0355.net
13607352386
������
ese@googlemail.com
15706218512
������
to8gfc@hotmail.com
15602871031
�ܺƺ�
jsd@googlemail.com
18406572100
����ƽ
5pcn7bt9pq@aol.com
15205980548
����
97kq1jh8z34@qq.com
15204707868
����
j825c9x7@gmail.com
15306220731
��ʢ
9w24bdi8b1x@qq.com
15800637869
����
qq8n17kbe9@aol.com
15703332580
�ܾ���
wepg18505@0355.net
15802835773
��ȫ��
hx12z3yek@mail.com
15505266835
������
sgswjf3m4f@163.net
15305613595
�ﶫ
gmo3q2rnk@0355.net
15702113642
�ܴ���
epasis@hotmail.com
15908780915
�ܻ���
3wl2fa6rb0@aol.com
15508075208
������
yycopv33g5@ask.com
13903364860
������
vft9vebyn@live.com
15101902571
����
ra9l68ryak@163.com
18303480705
֣��
im16lu9om@0355.net
15703273592
֣�
y9cc5ka1db@ask.com
15201555966
֣��
3c0@googlemail.com
15504043343
������
ipgabf0fh@mail.com
13801847360
���в�
c1uhqn@hotmail.com
13700284560
���ˬ
nalaleltfr6@qq.com
15705191505
��μ�
t5qwcn5xx6@msn.com
13505794532
����
e5b7cviqn@live.com
15107035697
�����
4paofi5zq@live.com
15607857883
����
cft85xmv@yahoo.com
13805667842
����
ecp5mcj2c5@msn.com
13501915839
��ӱ
tx3mkjkmu@live.com
18406790977
������
vwtwttych@0355.net
13900466344
Ǯ��
fs5@googlemail.com
13102326720
����
cnoxzqimwx@163.com
15307745641
��Ⱥ��
2om@googlemail.com
15204911110
֣����
98j0k2q613@ask.com
15603031255
Ǯ��ȫ
vqssmikko@mail.com
15304445193
��ɽ
nrrgib4w4@mail.com
13107300139
��÷��
84et9ubd@yahoo.com
13704066150
������
f4y@googlemail.com
15100941863
Ǯ��
h0m@googlemail.com
13707717229
���Ѿ�
plm@googlemail.com
15505484001
�����
xhd6u7xec@mail.com
15007025280
�����
i420mz75@gmail.com
15504822664
�����
f6hyupmre@live.com
13104333831
����
h6713qfe9@0355.net
15606912964
��ƽ��
7e2kstibze@aol.com
15508482129
Ǯ����
shrr2v0kde@163.net
13901556504
Ǯ��
q57h39@hotmail.com
13906631707
������
wwggvjylv@mail.com
13707710745
����
4n8ycv4jhl@msn.com
13202836669
��ɯ��
rwgymgz2n@mail.com
13504261934
����
yw29imkfl@live.com
13105068541
����
5or4wr2zbfu@qq.com
13006507297
��ﷲ
38exj10joy@163.com
15708194917
�ܺ�
rkww51qi1u@ask.com
15902963278
����
7yskcaicdu@aol.com
15702950261
��ع��
e5yid50o@gmail.com
13804274958
����
mprbszvjt@0355.net
15702574565
����
kamxe7f643@msn.com
13306164467
������
c8y0gcp8fc4@qq.com
13106715691
����
yoa04sco7@mail.com
15905375006
����
j3mi24hg9m@aol.com
13105577849
����
i2qjaaj0es@163.com
15506838376
����
fzjo7ukr0@0355.net
15007605355
������
xs69q3fm@gmail.com
13307938515
�Թ���
3pfhkdlu7t@163.net
15803044779
���
8dq32jag@gmail.com
13208246457
���н�
410e27925@mail.com
13107833848
��ΰ��
aql0y4@hotmail.com
13201134111
�º�
6vm3723d@gmail.com
15601076770
��赾�
b5ffsd4ag@mail.com
13800432783
�ﲮ��
l7u6df1wb@mail.com
15901797201
�ܽ���
6gaei7s28j@aol.com
13308203476
�Թ�
0kfbcqyze4@ask.com
15007043235
֣��
7v445hww58@msn.com
13503014382
��ˬع
tz6qngvtes@msn.com
15101660155
����ӽ
g399hf1k@yahoo.com
13800652052
�Ը�
bpxjzmg0m@mail.com
18406691059
���
2wj1nxck@gmail.com
15108200790
֣��
k17ifsa7@yahoo.com
15501334489
�ܳ�
8aiys4lj@gmail.com
15500400641
֣���
j8h0ixtc@gmail.com
18301165993
����
svpgnvf8z@0355.net
15500942980
������
yke@googlemail.com
15907606640
����
w79fc4v4uy@msn.com
13203058118
�Ծ�ع
9xdmj6ml1@mail.com
15007742986
����ӽ
u7m70nzhtj@ask.com
18301205655
������
imq120j0oo@163.com
13801496304
������
5f6abp53m@0355.net
13805304844
�
5um3ypkzk65@qq.com
13302562089
�ﱣ
zd3pms@hotmail.com
18406064011
֣����
4031nyy50t@163.net
15800728288
��ܿ
2x2fqn51ik@ask.com
15700882187
Ǯ��
7staebfmr5@ask.com
13507077264
����
59ggdzfh6@0355.net
15700888064
���
t80b665y@gmail.com
15907372168
�����
ay6kek2ozx@msn.com
15004410299
�Ը�
ton2gwqzn7@msn.com
13005947062
������
xschxtsrj@live.com
13707940556
����
f2uo4xm94@0355.net
15207358859
��ǫ��
p85ez4l699@msn.com
13908740864
���η�
e68j8cku1@live.com
15005082894
���
xtks2k49rf@aol.com
15302388236
�Ų��
40usfiuofv@163.net
13304864206
���
uo0dpw6pz4@msn.com
15302945977
����ع
zurocvhzh@live.com
15506425586
��ݺ��
zc0yv5nho9@msn.com
13202754118
����
hgusfi8ww@mail.com
13903547916
��ˬ
95q6ihqm0j@163.com
15005930100
����
pklugmxk@yahoo.com
13507261611
����
351y7cq96e@aol.com
13901345295
������
140l5xjgm@0355.net
18405738435
Ǯ����
tjdhiwxmd@0355.net
13107255576
����
cegmscmb@gmail.com
15107130717
�⽡
kmlqtoh0ju@aol.com
13805404425
��ΰ
khizymvj50@163.net
15203295111
����
ufzesanpvk@msn.com
13604602666
����
dz9w373r@yahoo.com
15302586969
�����
28q8md0uf3@163.net
18300025987
�ܽ���
mxw8z36og4@163.com
15903981237
�
homyoq2bglw@qq.com
15207251329
���
w2n3esiqd@live.com
13103432948
��Էޱ
cue@googlemail.com
13505828412
�·�
bx7s9hnino@aol.com
15005206819
�����
yt0hw0hjs@live.com
13308586062
֣��ӱ
5vs1e0w6@gmail.com
13301921107
����
3ihjn8kdfb@ask.com
13200367306
����
nlkjsmnulf@ask.com
13203902409
������
f8efy96s7g@163.com
15005867952
��ӱ
31law6sih@mail.com
13508597789
��ұ�
ws5a62n9ei@msn.com
18308327439
Ǯ�Ե�
s63@googlemail.com
18302061239
��ݺ��
f7n@googlemail.com
15202938904
�Կ���
umcuuold8f@163.net
15300415953
Ǯ��
78e9wregkt@ask.com
15501814768
����
zd9kk5r6@yahoo.com
13107225751
���
wlgkxn9p@yahoo.com
13708104808
���
m6u@googlemail.com
13806891205
����
km5fmsxh@yahoo.com
15203312622
�ž�
67z6b41ig4@msn.com
13506473998
��ü
004l7ky4d5@163.com
13001161770
����
z7bkhnyjz4@ask.com
15601893386
�ܼ���
w683p3rioq@ask.com
13202583130
������
lb8ifhy0p@mail.com
13900922378
����
omiq4cof0x@aol.com
13103911423
�ź�
hvf1a7zf640@qq.com
15203227492
����
4gl@googlemail.com
15206420619
���վ�
flezw1@hotmail.com
15608830981
����
d71c8ytfv@0355.net
15902256497
��֮��
hwym6hhlu@live.com
15307451189
���
hol9fx6e3mu@qq.com
15304762955
�����
ajhpk2k9n@live.com
15206647600
�ź�
2hwwpio4rq@msn.com
13505020719
��ӽ��
3l7ezvc7p@0355.net
13202057858
���
horn7owxwxs@qq.com
13700208118
����
98mw37wjs@0355.net
13608268756
���ʺ�
lnnmrfetr6z@qq.com
18405492579
�����
ad8hzdbo0@0355.net
13601892485
�����
hqx@googlemail.com
13101321786
��ɺ��
6vgt2o6a@yahoo.com
13100481198
�⿵��
8ifx5zm2rbz@qq.com
15103578120
����
k3t68kw7j@mail.com
13908832171
����
riodr0okaw6@qq.com
15506186025
�ܷ��
i5p095usl@mail.com
13500135451
��׳��
3uvokcm2i@0355.net
15207296498
����ά
lou@googlemail.com
13907965397
����
hqrl74nokmh@qq.com
13900703840
��ɺ��
xo6b0o4yz@live.com
15606223207
���ڳ�
a45d04r5e@0355.net
13806783189
���
oe9@googlemail.com
15205941756
��� 
6ofa6htist@163.net
13004395199
Ǯ�
a5f56a7zy@mail.com
15605376050
������
4ljcolvdyo@msn.com
13103877059
�����
6qpkoc3q0@mail.com
13606504527
����
fsh@googlemail.com
13105756729
�º���
3q7nufmt@yahoo.com
13307760653
��� 
8gqtpvlg187@qq.com
13100818636
Ǯ�Ļ�
fuqu064sn@mail.com
13100650823
������
7qwtgmwyr@live.com
15008627838
����
4bqe95a13o@163.net
18307502352
����
26kf1oxg5n@163.net
13101098975
�ż���
p8oqunby@yahoo.com
13802375791
�����
f89btdqc@gmail.com
13307213315
����
uvbfl38rbf@163.net
13607415019
���
vjftxp@hotmail.com
15204500268
����
0vf6i0@hotmail.com
13303704853
����
v16eqd4k@gmail.com
18306198016
����
p5rlbhx0nr@163.net
15807944580
Ǯ���
gyhgap3hv@live.com
13803855504
���ν�
e1khdu@hotmail.com
15301936824
����ع
jssp192ca7@aol.com
15500090589
Ǯ��
ybbtg7@hotmail.com
13305510057
�ﱣ��
xfe3zzksj@mail.com
13202976671
���
peq5elpk@gmail.com
15304513428
����
bu71lyv8jx@ask.com
15808286416
������
n6n1b97ey@live.com
13305331187
���ܳ�
z5usg9ik8s@163.com
13000735739
��ƽ
fcowr0@hotmail.com
15302707941
Ǯ����
kfx@googlemail.com
15002520033
������
eq8e5app@yahoo.com
15006078160
��Ʈ��
y2r6qgl7y7@163.com
15503714977
������
q8e28b4i4@0355.net
15600174803
֣�侴
2t8ucpkp3m@aol.com
15605712218
�����
h5qcevh2r9@msn.com
13003348021
������
xtgzm4yol@0355.net
18304488297
��Ƽ
b6184nszfp@msn.com
13804756301
����
bdwozh1inbh@qq.com
13103125652
�Ű�
lex38p@hotmail.com
15100244399
֣ѧ��
w6y7cq6l@yahoo.com
13804886154
����
97cogwuxiy@aol.com
13900965247
�ű�
he10yb@hotmail.com
13701918758
�Ծ�
znpk338ops@msn.com
13604413338
��ϣܿ
rmzlv2ei@yahoo.com
13200768537
��˼
v7m1lpgvwm@163.net
18407433638
Ǯ����
1si9htflri@ask.com
15506771570
����
s89cwn0bkx@aol.com
18403566132
������
coqpjpd4@yahoo.com
13701941154
������
zt0dj5ysc8@aol.com
13207941231
��ޱ
6sx2m6r3vq@163.net
13907065945
������
bnk@googlemail.com
13500086432
֣��
hyhxjq38ah@ask.com
15102313789
������
pm3v5boij@0355.net
13904475583
֣��
kzik8nmcd@mail.com
13207354332
����
ujf@googlemail.com
13707664295
Ǯ��
huh0c94p1@0355.net
13200863143
����
jjxkn5r83@live.com
18404095459
֣�
71dn4wlckvl@qq.com
15908829091
����
mee0q551zq@163.com
15906447330
�¹��
xfwverqyg9@aol.com
15608093501
����
jnbyfbvxp3@aol.com
15901463580
����
5ykqld35g7@aol.com
15706300808
����
ulg7hhn1die@qq.com
13801371605
���ױ�
cam1zxv0wo5@qq.com
13503652039
�Գ�
lf8kobg9@gmail.com
15100056999
����
j75de3512bw@qq.com
13501044176
��ҽ�
fv7781rxn@live.com
15805433756
������
xzi8dk@hotmail.com
15203301595
����
l5o072bo6i@aol.com
13102980910
����
7u2308lbo@live.com
15802853903
��ʤ
hoby4muws@0355.net
13008707714
�����
gobk6vz6ip@163.net
13300576741
�·���
z4zkslsl5@live.com
13205436889
�Թڰ�
7tjpd448@yahoo.com
15505044367
����
8v2y17y9h6@msn.com
13902025250
������
3yvbfg3bd@live.com
13204575402
��襷�
myinus5er@0355.net
18401034111
���
95n9gplfxg@msn.com
13301065011
���
cakjp121sz@ask.com
13303281671
����
w3mn3f2z@gmail.com
13005253091
��Ⱥ��
mbftio@hotmail.com
15201214063
�����
j590c07j8uf@qq.com
15506987087
����֦
9sgznwblq@live.com
15602761238
���
yg8uusnygy@msn.com
13905820975
����
cwbq5dbt@gmail.com
18305311309
Ǯ�к�
bojzna8pz2@163.net
13506608598
����
syuq592a95@163.net
13008032688
����
7rd140yn7p@163.net
15606038686
����
jjdlfifi1yb@qq.com
15203034180
����
oz93qqbafv@aol.com
18400051388
������
emi4l0wm39@msn.com
15201340540
����Է
64gklau25k@msn.com
13906968764
�º�
yo2hkmvgj@0355.net
15803890711
����
3kfgmd1rr@mail.com
13607911455
��ᰲ�
o4zfezs4r7@ask.com
13202948496
֣����
0o42p3gyu@live.com
13806276120
����
ayxb3grmozk@qq.com
13908756923
�ܽ�ȫ
tg19t2ay5@live.com
15006076513
֣�㴿
9fxsbjk2q3@163.net
15103793063
��԰
c1yfi72z@gmail.com
15801547461
����
f0hxsjgqv@mail.com
15001551298
��ϣ��
vujfy8nih@mail.com
13702924693
���ݼ
fwg9wrzq@yahoo.com
15602653398
��ʱ
51vnj53j5y@163.net
15907570410
����
35k1wb3n1p@163.net
13504531068
���
0rt4lp28@gmail.com
13904128319
����
djg0tha0rr@ask.com
15102077602
�����
9tklautk7z1@qq.com
15900690863
��ܰ
5dpsj2ezaa@ask.com
13906078652
֣��
jizojkcc4u@163.net
13207476896
������
9gugnq8rw3@163.net
15106702858
��̩ǫ
sm9lj01fp@0355.net
13707853269
Ǯ��
dp3upyn9rx4@qq.com
15602793457
Ǯ��
9ho13em29@live.com
13706484052
��Ӣ
izu7kddcr78@qq.com
15207074805
�Ž���
ycj@googlemail.com
15708671076
���沮
27v83qhf@yahoo.com
13708821382
�����
ktqx1eo842@aol.com
13807560310
�����
76daln5c@gmail.com
18400303249
������
004fw0t75i@aol.com
15503254674
�����
exkrva327@0355.net
13206664108
���
g2hesjw72a@ask.com
18406954051
���ɲ�
pbt@googlemail.com
15502842378
��ٻ��
2jdwo7rzm0@aol.com
13004385217
����
70ea8xke@yahoo.com
13701404649
֣����
uhe47wy7@yahoo.com
15307286071
�����
1sa4wqjq@yahoo.com
13704695197
��ƽ
k0nyvmyvq1@163.net
13202071827
Ǯ����
gan79f8lo@0355.net
15707230885
��ѩܰ
ur2246y3@gmail.com
18301207222
������
my1nwlge@gmail.com
18303311685
ǮȺ��
noeh4qd58@0355.net
13805027580
��ѧ��
fzps1f7gjs@163.com
13301018073
��˼��
vpbxa1zbi4@msn.com
18404862361
����
a8y73e5yiqb@qq.com
13604700423
֣��
qc8nl7yruv@aol.com
13701031837
���
qg9aq3dgpe@msn.com
15200894141
����ά
zhnne524@gmail.com
13006538258
���
6umuzphw@yahoo.com
13703973819
�����
f26nnc5z@yahoo.com
15602466067
���
7x5ixgassd@163.net
15808126442
����
arghzblzdd@163.net
13500236599
֣��
4a4yigg2z@0355.net
18302051853
������
roach5ht@gmail.com
15504770206
֣ѧ
k08t6kok@yahoo.com
13306408471
�ܻ���
6cbj6j0cump@qq.com
15304485965
Ǯ��
kvi7iagus6@ask.com
15203661743
����
s83qj1vkt3@msn.com
13201222407
֣��
uj8c0wmw@yahoo.com
15108025285
����
qzz7l9i55@mail.com
13208352331
��ƽ
q7na28e04@mail.com
18400054375
���
j5w1w1uak@0355.net
13305143148
����ܿ
7chqdlaphw@msn.com
15205341008
����
334wti87@yahoo.com
13904346375
����
ohbffdyl7@0355.net
15805533998
����
7xeq0dqq@yahoo.com
13807843438
�³���
8anpyx7gi@live.com
18405176028
������
9ide6wbtca@ask.com
13503672623
Ǯ����
15set21z@gmail.com
15506394645
֣˼
jw1t0u8l120@qq.com
13000146083
�ܳ�
dn7rdl@hotmail.com
15604518552
��˼
6q3j0vrmeu@163.net
15007057226
������
1rsrdm4n4y@163.net
13006590732
������
n99s09vbzps@qq.com
13800273717
�ܺ���
2ajtlmkfr@live.com
13300507340
����
2zm07322@gmail.com
15603564611
����
c0r@googlemail.com
15805290705
������
sfvp5k@hotmail.com
13106251327
�ܽ�
kxbfavc2n9@163.com
15703746785
֣����
dn0d6sdt@gmail.com
13600234061
�Ű���
qogmenbtox@aol.com
15205338034
����׳
twq11tksy9@163.com
15604680098
������
8mz9avicb3@ask.com
13607412155
֣ޱ
wuv15rth43@ask.com
15808557343
����Է
dgsiabzivhe@qq.com
13307928477
����
i9448jzq8s@ask.com
13507594954
������
ntezwe05@gmail.com
15701712484
֣��
3gp1dr@hotmail.com
13202737745
����
o0m8rkaejo@163.net
15704603899
���׼�
zc978n@hotmail.com
13604600499
����ɯ
08qfyf7h20@163.net
15306108116
Ǯ��
4tf79lp88p@163.com
15800766079
Ǯ��
odgxfsqs2e@163.net
15204568380
������
9sdxtol06@live.com
13002680445
��ï��
8zl3k05bu0@msn.com
15903564996
�Ժ�
kfvn2vwo@yahoo.com
13000939031
����
6279qbbl@gmail.com
13007687825
�ܺ�
xj0hmjz9xv@msn.com
13204621028
�����
11kfd04qrs@msn.com
13206451235
ǮԪ
nojoukj8@yahoo.com
15308007316
����
i0z2phvats@ask.com
13902571611
֣�й�
itzf7ui3q@mail.com
15902652908
�ܵ�
ix1vn9qzqi@163.com
13102217605
������
zmi@googlemail.com
15903096128
�Բ�
3qr5seh3l@0355.net
13900214352
������
jcp4l6z44@live.com
15207898846
���Ƚ�
a4fnjy5pt@0355.net
13802720757
������
tg9zuithxu7@qq.com
15708796233
֣��
ocfneia4@gmail.com
15305688810
��ϣ
9o7iqqkg5g@163.net
15702756859
�ž�
qjlvmr4b94@163.net
15000684248
����
ttr@googlemail.com
13506417507
�����
xgkcm1um@gmail.com
15805728177
����
yrni4c4l5@mail.com
15900724003
������
lgg34rk1y@mail.com
15306140451
������
1qabe9luri@163.net
18304635112
Ǯά
969g1shycoo@qq.com
15103893066
����
ttvt1a2kwk@aol.com
15707528798
�Բ�־
1dmyvjlp@yahoo.com
13306336279
����
zm9@googlemail.com
15801091249
Ǯ˼��
qtx@googlemail.com
15006928320
��¶
fy0zah6j@yahoo.com
15003107257
�Թ�
j0svby17rv@ask.com
15102798428
�Թ�
4rz9yin0z@0355.net
15702435887
�Բ�
nhkonjxbr3@163.com
15003430271
����
mg3@googlemail.com
15500922059
�Բ�
0d0pvk8we@live.com
15303046386
������
2ijjijh1r@mail.com
13507153191
����
7z0t0elxv@mail.com
15508286833
�����
lysvvzf1t4l@qq.com
15002205419
֣����
y06sm1a7@gmail.com
18307687001
������
b3fnhrb9@gmail.com
15205500255
Ǯ����
zu6@googlemail.com
13204770605
�´�ѩ
8bvoq9d7gu@msn.com
13903908048
֣��
w45z1bd841@163.net
18408047986
������
xjcl2ceghb@aol.com
15706864232
���
nrp1blei8@mail.com
15101054341
��ΰ��
t9r28q9kp@0355.net
13504036665
����
8pn3t3v7c@0355.net
15208434788
����
o2j43r@hotmail.com
15106318025
����
syd9om9w0@mail.com
15200488827
�º�
a7ghplv42@mail.com
13700295533
������
twe8dw@hotmail.com
15800116113
�Ա�
6p298e@hotmail.com
15904395183
�ܾ�
m5h62lwxzr@msn.com
15905703817
������
zdc2de1x@yahoo.com
13706334544
����
2j6z553b@gmail.com
13000636822
����
i0cl429jr@0355.net
18405205515
��ˬ��
a6dkd70x5kk@qq.com
13600113937
��ɺ��
6btt0d8mby@163.net
13303045278
���
w42rpdi4c6@aol.com
13306883465
������
bq3yp4pt@gmail.com
18402530662
����
h6josrbn2n@msn.com
15305101282
������
u7xdgir7f@0355.net
15101662711
����
1euxijn5u@live.com
15605264824
֣��
vidps2f6w@mail.com
13900111035
������
p05hg9igav@163.com
15105814132
Ǯ����
04anyepqeu@msn.com
15807693202
�ﺽ
jofu2dl6i@0355.net
15102636410
֣����
wbi@googlemail.com
13104942427
�½�
7xteufwmixz@qq.com
15005322326
�¶�̩
nmd8bv7yp@0355.net
15503383979
�¼�
9bxt6g3di@0355.net
15108407327
����
rxie1v9ce3@msn.com
15901727315
�Ի�
zhfm8eh94@live.com
15601403887
����
neyx8ydha@mail.com
13805215796
��ɽ��
cm5@googlemail.com
15803357668
�Բ���
8dgm97rhh@mail.com
13607962955
�����
yd7x6dn8h7@163.net
15703356028
Ǯ��
wqim0m848m@163.com
13201738552
����
nrrzkh5oad6@qq.com
15601872688
����
aztmnxuu@yahoo.com
18300726117
Ǯܿܿ
o5jvfy@hotmail.com
15305275175
����ӽ
76j1zie9@yahoo.com
13104410373
��Ҷ
6a1vaihw@yahoo.com
15201916495
��ɽ��
rnk3831l@yahoo.com
15507205996
����
v8699vxs@yahoo.com
15004264599
֣衹�
uck6lcil53@msn.com
13600284738
��ʤ־
efmd77n5bv@163.com
13001201488
�⺣��
c61sie77@yahoo.com
13106822810
����
1n7getg5@gmail.com
15702821264
Ǯ��
rtm61ep5x@0355.net
15301744385
��ɽ��
5tquvtvotf@ask.com
18301362383
����
47lijwccza@aol.com
13801024272
����
072cz91p@gmail.com
13507506552
���
tf9tyftb5a@aol.com
18401040200
������
kcc@googlemail.com
13305086870
������
sc2yluhrh@0355.net
15007534858
�ﺲʱ
qmd@googlemail.com
15206015390
�����
sqaqlrj0@yahoo.com
13306457980
�����
tmgdpwrf2u@aol.com
15808107082
�ܻ��
2zlhxyxmh4z@qq.com
15100324144
��ޱޱ
6rc@googlemail.com
13807293567
�Ժ�ʢ
p2c@googlemail.com
13106628399
����ӽ
bf5341fgwe@163.net
13300703968
������
rs37gh1g4@mail.com
15108173032
������
o9x8xr4oca@ask.com
13103096517
����
rz0ittn6bt9@qq.com
15107035898
������
ufcqpep3lf@163.net
15604628361
����ά
r0p41dx2b@live.com
15305377419
��Ӱ
8m5r5ytei2@163.net
15702249073
������
im8@googlemail.com
15801115219
�ܼ�
iqggvz629s@163.net
13705834162
��ï
aqqrp8s5@gmail.com
15102946972
֣��
uuk3k5xhox@163.com
13207104888
֣ҶƼ
iyfqy4mum@mail.com
13003035071
����
9vmscz64ih@msn.com
15507613925
��ɽ
nc82azez4oq@qq.com
15908042872
����Ҷ
g8u3l93i7@live.com
15003123461
��־
354gjyvawp@msn.com
15101106334
���к�
beugchhvmz@163.net
13500305452
����
esqygw1s0@live.com
13905493989
�ܳ���
dlc@googlemail.com
13003582294
��¶��
5klrbz1z6i@ask.com
13800773488
֣��
dyq8ld3yy7@ask.com
15902160831
�����
93e31o6dw@live.com
13006004607
���
kp0p2n3aqc@aol.com
15706857469
Ǯ��Ⱥ
adh9zoe9dgr@qq.com
15803916688
������
pa32udkrxb@msn.com
15201460616
����
g6tp77zg8@live.com
15005792030
����
457igjm5@gmail.com
15207696315
����
ynffwznt5a@163.net
18305933416
��ʱ��
wz2jv9uhy@mail.com
15808455318
��֥��
8kl6iwd2zq@msn.com
15900293117
�Ź�ԣ
qp9uuyl709e@qq.com
15602155758
Ǯ��
cee@googlemail.com
13805607715
��ӽ
m0sjih@hotmail.com
15207277735
����
ffwq17b8@yahoo.com
15100837384
�ſ���
th4@googlemail.com
13507384626
������
dhmbg0ahvf@aol.com
13702260227
�²�
6m19ifdv@yahoo.com
13207880273
���
u16ao7dgd@mail.com
13900903186
֣�㴿
8s89ijeybd@msn.com
13203826139
������
ejuopvz3c@mail.com
13906764621
����
5cvud01l@yahoo.com
13306100581
������
kt7e1pju1@0355.net
13101046738
�Բ���
b92u4z0p8f@aol.com
15200644030
������
mhgkcv@hotmail.com
13201766745
������
nuifqqplbm@msn.com
13200251982
����
kov3ag6hhn@ask.com
15207294839
����
0a1m763yny@ask.com
15705830604
�Ժ�Ԫ
eo3@googlemail.com
13900605459
��ʤ
j4oanz7i@yahoo.com
13503072349
���޷�
0dtlk8ecp1@msn.com
15006218945
������
pt1t5hn7@yahoo.com
15007759032
��˼
ydffq6s2xq@163.com
15106648871
����־
g4sgrvjb55q@qq.com
15805792373
�ź�
oz66sasw@yahoo.com
15805091538
��誺�
0blxsdezr9@ask.com
15801921045
����׳
dukjyk28ht@ask.com
13900383020
�
vzxh21aj64@aol.com
13802875834
֣����
emdpmteuib@163.com
15206102312
����
rlpzr2dn@yahoo.com
15703727865
�����
kq4xeu@hotmail.com
15601827578
Ǯΰ��
8u22a9qzt@0355.net
13603062732
��̩
qbcmot6mkp@ask.com
15707065817
����
8hl@googlemail.com
15708114470
����Ƽ
a7bg807n6t@ask.com
13903407690
����
h6cnmvvt@yahoo.com
18404724546
�����
99ltcz@hotmail.com
15308612088
��ɯ��
etbtq2ejw0@msn.com
13203403369
����
vf7xdc@hotmail.com
13208245743
���
wxooc8@hotmail.com
18304592568
��֦Ʈ
eqj@googlemail.com
13008135752
��ʢ
xfxr0i@hotmail.com
18406352512
��÷��
5crxj6v32m@163.net
15103207277
����
fjwljuobqw@163.net
13500722782
��˼ʱ
mx3f13j611@msn.com
15807493947
֣���
8ahyg0m2gt@msn.com
13701025365
֣����
ohiivq4r55@aol.com
18306594336
����
f9lql1epa@0355.net
15204336238
����
txzd2foa1@live.com
13000333373
Ǯ���
ixvm37tg3t@aol.com
13901845580
�� �
c9pirl6q3d@163.net
18303647146
����
ixiyty0rh0@ask.com
13902738399
��֦��
iacrpi@hotmail.com
18305684712
������
dcwqsv6nr02@qq.com
15706123634
Ǯ����
q2lzaqadsy@163.net
18404194668
�ܳ�
jc7pwc7q0@mail.com
13501825618
�²���
6yd4n831r1d@qq.com
13703864555
����
5do2hb2jjk@163.net
15801671514
��ʱ
npbk24r25@mail.com
15204471327
�����
o0n1xw70wo@aol.com
15608794330
����
z7fsxru2arc@qq.com
13100422650
�º���
bk7@googlemail.com
13107223059
������
z9f8gzwged@163.net
13604276744
����
dz11u4vpf@live.com
15606691609
��ɺ
wqwnuifg4z@ask.com
13802552676
��ɯ��
hy9prby5umr@qq.com
15100505111
���
yzh8jyynva@ask.com
18401983663
��Ⱥ
1jq@googlemail.com
15608177289
�ﰮ
ha2bzt@hotmail.com
18401818398
�����
7puuyquyos@163.com
15206417981
���ǰ�
zy637bink3@163.com
15205475517
�����
imf99bfkrh@msn.com
15601526496
�
3hd@googlemail.com
15908868258
���ʺ�
f673n1@hotmail.com
13206240166
����
kot34ahk5e@163.net
15603290635
����
lui@googlemail.com
13006372666
���
hwq2aeougr@aol.com
13304548525
���
hk4cr3hkhe@163.com
15200040455
������
kt3@googlemail.com
13907051671
Ǯ��˳
cyrf3ajwi4@aol.com
15208562359
��ϣٻ
r2uvmmvzm1@163.com
15804714397
����
ssf03ikm3m@163.net
15000935709
�ŷһ�
laz1jqp54z@aol.com
15805466747
������
39ydyzxlp@live.com
15302942413
��۷�
3pa0rjtb8f@ask.com
15104571287
����
miamy6nvma@aol.com
15107852773
Ǯ��
j1wvtmua7z1@qq.com
15204648888
��ѩ
yhp@googlemail.com
13004596504
��ΰ��
1uc4zwvche@aol.com
13902873999
����
24tqleumx5@163.com
15505642052
����
cxy27qwl@yahoo.com
15307071391
����
ygu72mj6t@live.com
15204822182
������
vkem3g6yde@163.com
15701732291
���ػ�
hmb8uy2e@gmail.com
15807726766
����
wap@googlemail.com
13003623949
֣����
05byu7rr5@mail.com
13805101369
���
wge27p3t@yahoo.com
18408821651
����
31icet89mw@msn.com
13306191270
�ܺ�
jxhvxch4w@mail.com
13802111970
����
ha84gvri@yahoo.com
15806660855
��֦��
8yo@googlemail.com
13304293140
���
opv7swtrw6@msn.com
13100438193
�¼�
rct6sw9t0@mail.com
13808765551
����
ax5jgk1g@yahoo.com
13307568283
֣˼��
6wqyt8srfo@163.com
13503868802
֣�ַ�
u0qae7h4@yahoo.com
18304607369
��˼��
ufalem@hotmail.com
18402138319
����
defec83l51@msn.com
15708731733
�Ա�
pybv9otyq@live.com
15200942349
��԰��
6g4rr7@hotmail.com
13300501958
����
qvn3t24xw5@msn.com
15207325982
����
3hqvzcd8@gmail.com
15902652910
����
0wgs0azy@gmail.com
15902436634
����
jhqoc2z5pa@ask.com
18302448511
����
orn@googlemail.com
13001596360
��ǫ��
sm4pwdertl@163.net
13701805562
��׳��
lre4ts0evt@msn.com
15506492737
Ǯϣ
qrkwv18jzf@ask.com
15604635667
����
ldq7m6oog1@163.net
15607484873
���Ź�
cv77yut9x8@aol.com
13208363209
�¾�
c5j49572bwg@qq.com
18304735383
����
2iexuafyc@mail.com
13908662980
���
zc7cn8n3@gmail.com
13004707464
Ǯӱ
jiluh28x@yahoo.com
13001815825
֣��
ekayar0p1a@aol.com
15201564279
�����
plij0ebd@yahoo.com
15202415971
��ܿ
10rtiq4e@yahoo.com
13603017110
���׹�
1b8069yy@yahoo.com
13500511049
������
jn9w06g1he@msn.com
15203758951
����
6qibp877a@mail.com
13506071182
����
qd3@googlemail.com
13200298599
�﷢֮
8uf@googlemail.com
15304575921
�Ծ���
f3a4uuamqt@ask.com
13601353314
����
t6fzuv3r@yahoo.com
15605133048
���
0530vuukqq@163.com
18402417025
������
uxwau5xw@gmail.com
13902846356
����
je2e98euq8@aol.com
13902701465
����
w1taudjgi6@ask.com
15900572333
�ﲨ
qyuqii@hotmail.com
13507982961
�ܺ�
aivaxf1x4a@msn.com
15503756194
��˼��
do50itq6@gmail.com
15201380895
֣�ں�
wo204koz4@mail.com
15804526181
���
kte1o745cl@163.com
15104794924
����
bz9@googlemail.com
13607581488
Ǯ��
s6uuou@hotmail.com
15807163078
�ܻ�
wbd7jylx@yahoo.com
15104900849
�ż�
i9s72p37@yahoo.com
13507751743
����
aso5zz7s8t@aol.com
15606415355
Ǯ��
r8cpipy6tq@aol.com
15705140822
�ܼ�
16ruqpstfb@163.net
15902747503
����
7pk4pvu4yz@msn.com
13106533046
����
ikulwb88@yahoo.com
15006026405
����
oddwknfevk@ask.com
15703847365
�
0gtquubtb@live.com
13708860655
֣����
k488khaq9@0355.net
15104008477
���
8upkuycty7@ask.com
13608353214
����
4na1ufeoud@163.net
15105926067
��¶��
ops66lrs0ja@qq.com
13500706838
������
cyyst0it44@163.net
15904348210
�ﺽ��
m78nk1sgjy5@qq.com
15107128318
֣Ⱥ
rkcfpgw5h@0355.net
15306819090
��ѧ
t71xr6m25qx@qq.com
13108144766
������
jz1w760kgr@aol.com
15101980094
���
zwnbcqaej1@163.com
13007645152
Ǯ��
eaziu7peow@ask.com
13703811250
�� ��
5k9mcltx63o@qq.com
15905805753
����
agqwmyyzbu@163.com
13102793790
����
370pt2iguq@aol.com
13708713656
��Ƽ��
31n96w@hotmail.com
18300234630
����ɽ
vwxwcurn@gmail.com
15801714067
�����
vbjxp9x4o@0355.net
15205593853
����
89c@googlemail.com
15900387404
�Ⱞ��
tm9em5xm@gmail.com
15604509063
����
zf92e2@hotmail.com
13002597742
����
uociybf247@163.net
15708432150
����
a21dn0fxf@live.com
13107656286
����
ax6h20qf@yahoo.com
13808328407
����
jbmfpzwm@gmail.com
18406717766
������
vk7pydy1t1@163.com
15007521779
��֮
ue9alg53kj@aol.com
15008034299
����
fg0csaqb@gmail.com
13601054592
����
jf5oazyqhj@163.net
13503032796
֣�
8r34aqemyb@msn.com
18304977740
��Შ
6mz5cxbti7@163.net
13503953144
����
3dfq8ylr4@live.com
13905654114
����
dm0yfai3o5@ask.com
13208436514
�� 
xr173zc4wz@163.net
15807165495
������
fp5b6ufgvb@msn.com
15506855632
����ݺ
3t6mnkg3@yahoo.com
18308550102
����ʱ
wvt2qyu5qq@163.com
13006021466
����
mz7@googlemail.com
13000958741
����
i7l5q9msvc@msn.com
18304113489
֣ά��
csdrube827@163.com
13302931543
����֮
rgymou6y@yahoo.com
15907294093
������
enyiko3mjk@163.net
13505328686
����
qjujc5qxk81@qq.com
13607422404
�ܴ�
jul1z2nwl@mail.com
15702940162
Ǯ��
9if@googlemail.com
15004683613
���
tku5f9n2v@live.com
13703265825
������
xnc3wzz6@yahoo.com
18302017334
����
99q9mxe55py@qq.com
13004919078
���
z6abc4@hotmail.com
15802192397
���Ǳ�
k6mnpfeu@gmail.com
13507265037
�ſ�
10wma6ey8z@aol.com
18301155536
�ų�
4p1kdryp66@163.com
18407393205
�����
hh1ssaa7rx@163.net
13001918613
������
myj3nu3a@yahoo.com
13207194411
Ǯ��ȫ
5bfz9c2h0m@msn.com
13901128959
����
km8kkmqv@gmail.com
13904906636
����
nil69uhni@mail.com
13908297620
����
au6iksqqil@163.com
13602573609
��ï��
7a7exzxy4@live.com
15804299063
Ǯ��
n9nd43uy@gmail.com
13903472621
����
7wo@googlemail.com
15808207088
�����
vle2kjq1i93@qq.com
13505157806
��誺�
ayg8t4v4q@0355.net
13906522970
����
ipsetelzqe@msn.com
13201166579
�½�
0s62w7f7wno@qq.com
15904913520
����
b6l@googlemail.com
15306741284
��ӽ
1kzq3kisd2@msn.com
13301696530
�����
tq3vspqke1t@qq.com
13001664328
���ѷ�
gmvzhf5v9@mail.com
15905693344
�Ը���
rljgtpj0g6@163.com
15201613030
֣����
5oa2l01bvk@ask.com
18401604855
���ʽ�
4agfxa@hotmail.com
15702505985
����
ru21mhamq@live.com
18306531820
��ï
mlt8r3epi@0355.net
13906295837
���
rwtzc2ad1@mail.com
13302918665
�Ժ�
kay@googlemail.com
18301595233
�Ժ�
g0lyf0hzbg@163.net
13102993933
Ǯ��
eaflv0m7w@live.com
13502278597
�
q32mnjherb@msn.com
15507218909
�¼���
gl88lt@hotmail.com
15604043110
���ſ�
symlj5xw@yahoo.com
15801713782
�¼�Է
gttcemixot@163.net
13708071253
Ǯ��
eti0xwrdwy@163.net
13705074654
����
rocjjcfjus@msn.com
15805517717
������
7aca5844k@live.com
15804688790
��ά��
zwplyin1c@live.com
13601548633
���
v3id6alnu@0355.net
13006158025
�·�
8g5we8dkoq@ask.com
13607850358
���
aarvd7y9@gmail.com
15704773922
����
sc7ntmvb6q@ask.com
15707702532
����̩
b65ryj82@yahoo.com
15901040963
���
ki8qs9f4bk@163.com
15607222657
����
2kk@googlemail.com
13606730509
����
05lcqhup8mi@qq.com
15000761252
֣����
9o056566b@live.com
13607088685
��Ƽ
bpgd7w70@gmail.com
15300103806
�Դ���
3ugdzz9oy@mail.com
13603466045
Ǯ����
h9chibk6r@0355.net
15906961312
����
378uezv35@live.com
18402919063
Ǯ�ޱ�
ku6lz6kuew@msn.com
15005390625
��Է��
2vv9u50c@yahoo.com
15306800486
������
ax0l4dr9t6@ask.com
15502826668
������
a0mqukvmj@0355.net
15006075974
������
ap48n4bsyj@163.net
15301555141
Ǯ��
ibcux2zdie@ask.com
18307773414
���г�
dx1v8i6ws@0355.net
13901028622
֣����
wagte5@hotmail.com
15005380927
����
qmiac5bwak@ask.com
15003632957
�ܵ�
lv3zc01joy@163.net
15503560641
����
s6d8bi4p8l@163.net
13106907585
�»���
g3yv0ifx@gmail.com
15701161928
֣����
qc9ihwhw@yahoo.com
15301693263
֣���
zojspc1hm8@aol.com
15102885718
�ܹ�
hfg@googlemail.com
15605737416
����ϣ
lyamjtcqlb@aol.com
13206592100
����
31lciqckdq@163.com
13201066645
��Է
j0bh4bg3kn@ask.com
15904577191
֣�
lcx4weeiocd@qq.com
13104911953
����
mu2lbga8mn@163.com
15602877210
�Զ���
8g2nd9zcgn@163.com
13806453339
����
7lmk7sbnz@mail.com
13108371231
������
rq9qpaec@gmail.com
15103410253
����ʿ
2nud6h2hlc@163.com
18302457838
֣��
805fvkdqmf@163.com
13804914158
��ï
svcxjmsag@mail.com
13106399073
���Ӱ
l1xau4q2n@mail.com
15105606379
֣����
y5yjwo3niw@ask.com
13501493242
�԰�
evbuk2p8wkn@qq.com
13607575999
�����
ky0tks3tv@0355.net
13102774261
�Բ�
rkxn32t0@yahoo.com
15507683544
�����
zqycczag@yahoo.com
15900534361
��Ⱥ��
t2ti0pj1cq@aol.com
18401980743
�ź�
tveznu@hotmail.com
15304675162
�ܷ�
8ua5j4zod0y@qq.com
15200394852
Ǯ����
lgyl04wpvhr@qq.com
15701485145
֣��
32k5h10ew@live.com
13605621598
������
68tshrc9z3@aol.com
13206904862
�ԳϽ�
p8qav709ds@163.com
18303176893
����
musrit@hotmail.com
13103968627
��Ҷ��
tdqoycvn@gmail.com
13002083912
����
mn1yi2@hotmail.com
13908538502
����ɯ
f15wt4@hotmail.com
15108491944
������
aapjtphx@yahoo.com
18400363421
�½���
8l3tdcn0@gmail.com
18406671270
�����
8vst0n4l1z@ask.com
15604968033
����
c135jlgxd@mail.com
15601697558
�Է���
agy7ouly@gmail.com
13906898882
���
fj70fb41@yahoo.com
13208887268
֣��
mffvkt@hotmail.com
13704310331
�����
ga7bsibvmm@163.net
15106541401
�����
w3armbdea5@ask.com
13104673746
����
nqlqmf8zws@msn.com
13007650470
֣��
s0v1buk3xs@ask.com
15501416618
�·���
2qr8facrni@aol.com
15608862353
���
acvd5yixi5@ask.com
13107054478
����
rv7ua1vsno@aol.com
13301100998
֣����
fm8o8v5kqv@ask.com
15803360867
������
5duii0@hotmail.com
15606933187
��ϼ
unwm87zo4u@aol.com
13106907260
Ǯ��
1dv@googlemail.com
15803444479
�
er1q7liftk@ask.com
15101268141
���ں�
ojbcqe@hotmail.com
13502586390
������
s5i8gajpzat@qq.com
13106245467
����
t9bc80xfen@msn.com
13003548546
��ݼ��
seyy1hj48a@aol.com
18308024496
�ܳ���
1vmwiln1tg@163.net
18401025752
����֥
6db30us4mu@163.net
13806806501
�Ի�ʱ
a9iow02o4zr@qq.com
13601728618
���첮
4x0tgsj2w@mail.com
15106090934
֣���
1d95gj46@gmail.com
13208193669
����
xes2tu1at@0355.net
15106065051
�ű���
mql8l8vudr@163.net
13001396567
����
hrxskpwbnp@163.com
15300598262
���
ka8wl3@hotmail.com
15202342711
�����
f0wqhj0aqf@163.net
15000460362
֣�ֺ�
l6k7z3@hotmail.com
15006603217
���ط�
raefq10d@yahoo.com
13702977723
����
21ze9g8d7k@aol.com
18403355670
���
xnopy23c@yahoo.com
13902524625
��ٻ��
5llrfndr8@live.com
15807901115
��ü
g8auw47hmm@163.com
13802984753
֣���
nvbybjqeinq@qq.com
13705997985
����
jwf2jcurbr@msn.com
13606286451
��˳��
9cq@googlemail.com
13306074512
Ǯ����
h2o5cwxqxt@163.net
18301140463
���岮
56i44i26fq@ask.com
13105712884
֣����
b2hxbg7f3@0355.net
13600162786
���ˬ
dkh1cnxr9@live.com
13503918181
�·��
avnfsopgth@163.com
15802181038
����¶
l8s@googlemail.com
13203138142
��Ҷ
n344jhka2@0355.net
15706563119
����
r9kvjvnv1y@163.net
15700995240
����
ujt9q4war2@ask.com
13504638755
�����
98ya0s@hotmail.com
13307333928
��ɽ��
6222adt3ii@msn.com
15902453082
���վ�
bbdlmt@hotmail.com
15107861756
Ǯ��
knv@googlemail.com
13601426603
�⸣��
95z4wiufwuv@qq.com
15908257167
�ⳬ
uwetacvuaw@ask.com
13002950311
����
tgtur2irf8@ask.com
15605956615
�
czsw7mkc3q@aol.com
15202060414
��ɺ
jp7@googlemail.com
13708428805
Ǯ��ӽ
ua9n982h7@0355.net
13700951248
����
kukfdqsnjo@163.net
18403211728
����
advwad3k4v@163.com
15706465741
Ǯ�
4d3aesto@gmail.com
15108204379
����
v1899oz5@gmail.com
13601282747
֣��
hhew3pj878@msn.com
13907576053
������
2nhp5q0vw8@aol.com
15608875788
����
tqeoxicpc0@ask.com
15605952135
������
lwtkgndq8w@aol.com
15705211442
Ǯ��ӱ
cdw5cr9r28@163.com
13605684450
��ޱ
bna746@hotmail.com
13000157587
����
gc5eww934m@163.com
13808774414
������
62qga0t8@yahoo.com
15707331749
֣��
bqh4oxpp2x@163.net
13500775994
����
ru9kp4sim@0355.net
13902163283
�����
qvubecl7b1@ask.com
18306077038
������
dyabq9n52o@ask.com
13308646253
����
ekw9t5oqza@aol.com
15507686388
֣����
t16gkpgn9y@msn.com
15203812559
��Ƽ
bren1a@hotmail.com
13607593141
���
a7fiv3@hotmail.com
13901255775
֣�
9ft36m51dj@163.net
15004577685
</system-out>
    <system-err>һ�� 07, 2018 3:13:52 ���� org.springframework.beans.factory.xml.XmlBeanDefinitionReader loadBeanDefinitions
��Ϣ: Loading XML bean definitions from class path resource [org/springframework/jdbc/support/sql-error-codes.xml]
һ�� 07, 2018 3:13:52 ���� org.springframework.jdbc.support.SQLErrorCodesFactory &lt;init&gt;
��Ϣ: SQLErrorCodes loaded: [DB2, Derby, H2, HSQL, Informix, MS-SQL, MySQL, Oracle, PostgreSQL, Sybase]
</system-err>
  </testcase>
  <testcase classname="DataHelperTest" name="getID" time="0.002"/>
  <testcase classname="DataHelperTest" name="getAdress" time="0.003"/>
  <testcase classname="DataHelperTest" name="getJobNum" time="0.003"/>
  <testcase classname="DataHelperTest" name="getEmail" time="0.001"/>
</testsuite>